<?xml version="1.0" encoding="UTF-8"?>
<!-- Generated by org.testng.reporters.JUnitReportReporter -->
<testsuite hostname="DESKTOP-CRE3CMG" failures="0" tests="3" name="testcases.Reports" time="30.187" errors="0" timestamp="30 May 2022 06:41:05 GMT" skipped="0">
  <testcase classname="testcases.Reports" name="clickOnReportTab" time="9.514"/>
  <testcase classname="testcases.Reports" name="tsReportPage" time="10.244"/>
  <testcase classname="testcases.Reports" name="tsDetailedReportPage" time="10.429"/>
</testsuite> <!-- testcases.Reports -->
