<?xml version="1.0" encoding="UTF-8"?>
<!-- Generated by org.testng.reporters.JUnitReportReporter -->
<testsuite hostname="DESKTOP-T42PKF8" failures="0" tests="2" name="testcases.TimeSheet" time="8.912" errors="0" timestamp="28 May 2022 16:50:52 GMT" skipped="0">
  <testcase classname="testcases.TimeSheet" name="clickOnTimeSheet" time="6.977"/>
  <testcase classname="testcases.TimeSheet" name="addTimeRecord" time="1.935"/>
</testsuite> <!-- testcases.TimeSheet -->
