<?xml version="1.0" encoding="UTF-8"?>
<!-- Generated by org.testng.reporters.JUnitReportReporter -->
<testsuite hostname="DESKTOP-T42PKF8" failures="0" tests="1" name="testcases.LogInTest" time="12.742" errors="0" timestamp="29 May 2022 11:20:12 GMT" skipped="0">
  <testcase classname="testcases.LogInTest" name="doLogin" time="12.742"/>
</testsuite> <!-- testcases.LogInTest -->
