<?xml version="1.0" encoding="UTF-8"?>
<!-- Generated by org.testng.reporters.JUnitReportReporter -->
<testsuite hostname="DESKTOP-T42PKF8" failures="0" tests="1" name="testcases.Reports" time="0.169" errors="0" timestamp="28 May 2022 17:52:02 GMT" skipped="0">
  <testcase classname="testcases.Reports" name="clickOnReportTab" time="0.169"/>
</testsuite> <!-- testcases.Reports -->
