<?xml version="1.0" encoding="UTF-8"?>
<!-- Generated by org.testng.reporters.JUnitReportReporter -->
<testsuite hostname="DESKTOP-T42PKF8" failures="0" tests="2" name="testcases.Reports" time="17.883" errors="0" timestamp="29 May 2022 11:20:12 GMT" skipped="0">
  <testcase classname="testcases.Reports" name="clickOnReportTab" time="7.635"/>
  <testcase classname="testcases.Reports" name="tsReportPage" time="10.248"/>
</testsuite> <!-- testcases.Reports -->
