<?xml version="1.0" encoding="UTF-8"?>
<!-- Generated by org.testng.reporters.JUnitReportReporter -->
<testsuite hostname="DESKTOP-CRE3CMG" failures="0" tests="1" name="testcases.LogInTest" time="14.614" errors="0" timestamp="30 May 2022 06:41:05 GMT" skipped="0">
  <testcase classname="testcases.LogInTest" name="doLogin" time="14.614"/>
</testsuite> <!-- testcases.LogInTest -->
