<?xml version="1.0" encoding="UTF-8"?>
<!-- Generated by org.testng.reporters.JUnitReportReporter -->
<testsuite hostname="DESKTOP-CRE3CMG" failures="0" tests="1" name="testcases.LogInTest" time="16.573" errors="0" timestamp="31 May 2022 06:53:02 GMT" skipped="0">
  <testcase classname="testcases.LogInTest" name="doLogin" time="16.573"/>
</testsuite> <!-- testcases.LogInTest -->
