<?xml version="1.0" encoding="UTF-8"?>
<!-- Generated by org.testng.reporters.JUnitReportReporter -->
<testsuite hostname="DESKTOP-T42PKF8" failures="0" tests="1" name="testcases.LogInTest" time="14.896" errors="0" timestamp="28 May 2022 16:50:52 GMT" skipped="0">
  <testcase classname="testcases.LogInTest" name="doLogin" time="14.896"/>
</testsuite> <!-- testcases.LogInTest -->
