<?xml version="1.0" encoding="UTF-8"?>
<!-- Generated by org.testng.reporters.JUnitReportReporter -->
<testsuite hostname="DESKTOP-T42PKF8" failures="0" tests="1" name="testcases.LogInTest" time="15.004" errors="0" timestamp="30 May 2022 17:01:38 GMT" skipped="0">
  <testcase classname="testcases.LogInTest" name="doLogin" time="15.004"/>
</testsuite> <!-- testcases.LogInTest -->
