<?xml version="1.0" encoding="UTF-8"?>
<!-- Generated by org.testng.reporters.JUnitReportReporter -->
<testsuite hostname="DESKTOP-T42PKF8" failures="0" tests="1" name="testcases.DashBoard" time="0.016" errors="0" timestamp="22 May 2022 10:52:11 GMT" skipped="0">
  <testcase classname="testcases.DashBoard" name="landingOnDashBoard" time="0.016"/>
</testsuite> <!-- testcases.DashBoard -->
