<?xml version="1.0" encoding="UTF-8"?>
<!-- Generated by org.testng.reporters.JUnitReportReporter -->
<testsuite hostname="DESKTOP-T42PKF8" failures="0" tests="1" name="testcases.LogInTest" time="13.074" errors="0" timestamp="22 May 2022 10:52:11 GMT" skipped="0">
  <testcase classname="testcases.LogInTest" name="doLogin" time="13.074"/>
</testsuite> <!-- testcases.LogInTest -->
